*** 2021-11-02T17:13:38Z: pi Starting up MY-DAEMON PID: 2452.
*** 2021-11-02T17:13:38Z: an important message or log detail...
*** 2021-11-02T17:14:38Z: an important message or log detail...
*** 2021-11-02T17:15:38Z: an important message or log detail...
*** 2021-11-02T17:16:38Z: an important message or log detail...
*** 2021-11-02T17:17:38Z: an important message or log detail...
*** 2021-11-02T17:18:39Z: an important message or log detail...
*** 2021-11-02T17:19:39Z: an important message or log detail...
*** 2021-11-02T17:21:04Z: pi Starting up MY-DAEMON PID: 2535.
*** 2021-11-02T17:21:04Z: an important message or log detail...
*** 2021-11-02T17:42:15Z: MY-DAEMON pi checked status - Not Running.
*** 2021-11-02T17:43:43Z: pi Starting up MY-DAEMON PID: 2653.
*** 2021-11-02T17:43:43Z: an important message or log detail...
*** 2021-11-02T17:43:52Z: MY-DAEMON pi checked status - Not Running.
*** 2021-11-02T17:43:56Z: pi Starting up MY-DAEMON PID: 2716.
*** 2021-11-02T17:43:56Z: an important message or log detail...
*** 2021-11-02T17:44:02Z: pi already running MY-DAEMON PID: 2716
*** 2021-11-02T17:44:56Z: an important message or log detail...
*** 2021-11-02T17:45:23Z: MY-DAEMON stopped.
*** 2021-11-02T17:45:39Z: pi Starting up MY-DAEMON PID: 2807.
*** 2021-11-02T17:45:39Z: an important message or log detail...
*** 2021-11-02T17:46:07Z: MY-DAEMON pi checked status - Running with PID:2841
*** 2021-11-02T17:46:39Z: an important message or log detail...
*** 2021-11-02T17:47:02Z: pi already running MY-DAEMON PID: 2807
*** 2021-11-02T17:47:32Z: MY-DAEMON stopped.
*** 2021-11-02T17:47:32Z: pi Starting up MY-DAEMON PID: 2889.
*** 2021-11-02T17:47:32Z: an important message or log detail...
*** 2021-11-02T17:47:52Z: MY-DAEMON pi checked status - Not Running.
*** 2021-11-02T17:48:07Z: pi Starting up MY-DAEMON PID: 2959.
*** 2021-11-02T17:48:07Z: an important message or log detail...
*** 2021-11-02T17:48:12Z: MY-DAEMON pi checked status - Running with PID:2993
*** 2021-11-02T17:48:25Z: MY-DAEMON stopped.
*** 2021-11-02T17:48:25Z: pi Starting up MY-DAEMON PID: 3013.
*** 2021-11-02T17:48:25Z: an important message or log detail...
*** 2021-11-02T17:49:02Z: MY-DAEMON stopped.
*** 2021-11-02T17:55:27Z: pi Starting up MY-DAEMON PID: 3098.
*** 2021-11-02T17:55:27Z: an important message or log detail...
*** 2021-11-02T17:56:27Z: an important message or log detail...
*** 2021-11-02T17:57:27Z: an important message or log detail...
*** 2021-11-02T17:58:27Z: an important message or log detail...
*** 2021-11-02T17:59:27Z: an important message or log detail...
*** 2021-11-02T17:59:37Z: MY-DAEMON pi checked status - Running with PID:3143
*** 2021-11-02T17:59:56Z: pi already running MY-DAEMON PID: 3098
*** 2021-11-02T18:00:14Z: MY-DAEMON stopped.
*** 2021-11-02T18:00:14Z: pi Starting up MY-DAEMON PID: 3186.
*** 2021-11-02T18:00:14Z: an important message or log detail...
*** 2021-11-02T18:00:28Z: MY-DAEMON stopped.
